{"D:\\projects\\@krinopotam\\js-helpers\\src\\index.ts": {"path":"D:\\projects\\@krinopotam\\js-helpers\\src\\index.ts","all":true,"statementMap":{"0":{"start":{"line":1,"column":0},"end":{"line":1,"column":3}}},"s":{"0":0},"branchMap":{"0":{"type":"branch","line":1,"loc":{"start":{"line":1,"column":2222},"end":{"line":46,"column":61}},"locations":[{"start":{"line":1,"column":2222},"end":{"line":46,"column":61}}]}},"b":{"0":[0]},"fnMap":{"0":{"name":"(empty-report)","decl":{"start":{"line":1,"column":2222},"end":{"line":46,"column":61}},"loc":{"start":{"line":1,"column":2222},"end":{"line":46,"column":61}},"line":1}},"f":{"0":0}}
,"D:\\projects\\@krinopotam\\js-helpers\\src\\helpersDOM\\addToLocalStorage.ts": {"path":"D:\\projects\\@krinopotam\\js-helpers\\src\\helpersDOM\\addToLocalStorage.ts","all":true,"statementMap":{"1":{"start":{"line":2,"column":0},"end":{"line":2,"column":64}},"2":{"start":{"line":3,"column":0},"end":{"line":3,"column":43}},"3":{"start":{"line":4,"column":0},"end":{"line":4,"column":73}},"4":{"start":{"line":5,"column":0},"end":{"line":5,"column":15}},"5":{"start":{"line":6,"column":0},"end":{"line":6,"column":5}},"7":{"start":{"line":8,"column":0},"end":{"line":8,"column":42}},"8":{"start":{"line":9,"column":0},"end":{"line":9,"column":40}},"9":{"start":{"line":10,"column":0},"end":{"line":10,"column":1}}},"s":{"1":0,"2":0,"3":0,"4":0,"5":0,"7":0,"8":0,"9":0},"branchMap":{"0":{"type":"branch","line":1,"loc":{"start":{"line":1,"column":342},"end":{"line":10,"column":1}},"locations":[{"start":{"line":1,"column":342},"end":{"line":10,"column":1}}]}},"b":{"0":[1]},"fnMap":{"0":{"name":"(empty-report)","decl":{"start":{"line":1,"column":342},"end":{"line":10,"column":1}},"loc":{"start":{"line":1,"column":342},"end":{"line":10,"column":1}},"line":1}},"f":{"0":1}}
,"D:\\projects\\@krinopotam\\js-helpers\\src\\helpersDOM\\clearLocalStorage.ts": {"path":"D:\\projects\\@krinopotam\\js-helpers\\src\\helpersDOM\\clearLocalStorage.ts","all":true,"statementMap":{"1":{"start":{"line":2,"column":0},"end":{"line":2,"column":40}},"2":{"start":{"line":3,"column":0},"end":{"line":3,"column":43}},"3":{"start":{"line":4,"column":0},"end":{"line":4,"column":73}},"4":{"start":{"line":5,"column":0},"end":{"line":5,"column":15}},"5":{"start":{"line":6,"column":0},"end":{"line":6,"column":5}},"6":{"start":{"line":7,"column":0},"end":{"line":7,"column":25}},"7":{"start":{"line":8,"column":0},"end":{"line":8,"column":1}}},"s":{"1":0,"2":0,"3":0,"4":0,"5":0,"6":0,"7":0},"branchMap":{"0":{"type":"branch","line":1,"loc":{"start":{"line":1,"column":250},"end":{"line":8,"column":1}},"locations":[{"start":{"line":1,"column":250},"end":{"line":8,"column":1}}]}},"b":{"0":[1]},"fnMap":{"0":{"name":"(empty-report)","decl":{"start":{"line":1,"column":250},"end":{"line":8,"column":1}},"loc":{"start":{"line":1,"column":250},"end":{"line":8,"column":1}},"line":1}},"f":{"0":1}}
,"D:\\projects\\@krinopotam\\js-helpers\\src\\helpersDOM\\getFromLocalStorage.ts": {"path":"D:\\projects\\@krinopotam\\js-helpers\\src\\helpersDOM\\getFromLocalStorage.ts","all":true,"statementMap":{"1":{"start":{"line":2,"column":0},"end":{"line":2,"column":81}},"2":{"start":{"line":3,"column":0},"end":{"line":3,"column":43}},"3":{"start":{"line":4,"column":0},"end":{"line":4,"column":73}},"4":{"start":{"line":5,"column":0},"end":{"line":5,"column":25}},"5":{"start":{"line":6,"column":0},"end":{"line":6,"column":5}},"6":{"start":{"line":7,"column":0},"end":{"line":7,"column":47}},"7":{"start":{"line":8,"column":0},"end":{"line":8,"column":60}},"8":{"start":{"line":9,"column":0},"end":{"line":9,"column":1}}},"s":{"1":0,"2":0,"3":0,"4":0,"5":0,"6":0,"7":0,"8":0},"branchMap":{"0":{"type":"branch","line":1,"loc":{"start":{"line":1,"column":399},"end":{"line":9,"column":1}},"locations":[{"start":{"line":1,"column":399},"end":{"line":9,"column":1}}]}},"b":{"0":[1]},"fnMap":{"0":{"name":"(empty-report)","decl":{"start":{"line":1,"column":399},"end":{"line":9,"column":1}},"loc":{"start":{"line":1,"column":399},"end":{"line":9,"column":1}},"line":1}},"f":{"0":1}}
,"D:\\projects\\@krinopotam\\js-helpers\\src\\helpersDOM\\isDescendant.ts": {"path":"D:\\projects\\@krinopotam\\js-helpers\\src\\helpersDOM\\isDescendant.ts","all":true,"statementMap":{"1":{"start":{"line":2,"column":0},"end":{"line":2,"column":107}},"2":{"start":{"line":3,"column":0},"end":{"line":3,"column":40}},"4":{"start":{"line":5,"column":0},"end":{"line":5,"column":53}},"6":{"start":{"line":7,"column":0},"end":{"line":7,"column":32}},"7":{"start":{"line":8,"column":0},"end":{"line":8,"column":26}},"8":{"start":{"line":9,"column":0},"end":{"line":9,"column":40}},"9":{"start":{"line":10,"column":0},"end":{"line":10,"column":31}},"10":{"start":{"line":11,"column":0},"end":{"line":11,"column":5}},"11":{"start":{"line":12,"column":0},"end":{"line":12,"column":17}},"12":{"start":{"line":13,"column":0},"end":{"line":13,"column":2}}},"s":{"1":0,"2":0,"4":0,"6":0,"7":0,"8":0,"9":0,"10":0,"11":0,"12":0},"branchMap":{"0":{"type":"branch","line":1,"loc":{"start":{"line":1,"column":442},"end":{"line":13,"column":2}},"locations":[{"start":{"line":1,"column":442},"end":{"line":13,"column":2}}]}},"b":{"0":[1]},"fnMap":{"0":{"name":"(empty-report)","decl":{"start":{"line":1,"column":442},"end":{"line":13,"column":2}},"loc":{"start":{"line":1,"column":442},"end":{"line":13,"column":2}},"line":1}},"f":{"0":1}}
,"D:\\projects\\@krinopotam\\js-helpers\\src\\helpersDOM\\isElementOverlapped.ts": {"path":"D:\\projects\\@krinopotam\\js-helpers\\src\\helpersDOM\\isElementOverlapped.ts","all":true,"statementMap":{"2":{"start":{"line":3,"column":0},"end":{"line":3,"column":56}},"3":{"start":{"line":4,"column":0},"end":{"line":4,"column":59}},"4":{"start":{"line":5,"column":0},"end":{"line":5,"column":52}},"5":{"start":{"line":6,"column":0},"end":{"line":6,"column":52}},"6":{"start":{"line":7,"column":0},"end":{"line":7,"column":127}},"7":{"start":{"line":8,"column":0},"end":{"line":8,"column":6}},"9":{"start":{"line":10,"column":0},"end":{"line":10,"column":98}},"10":{"start":{"line":11,"column":0},"end":{"line":11,"column":34}},"11":{"start":{"line":12,"column":0},"end":{"line":12,"column":55}},"12":{"start":{"line":13,"column":0},"end":{"line":13,"column":33}},"14":{"start":{"line":15,"column":0},"end":{"line":15,"column":77}},"15":{"start":{"line":16,"column":0},"end":{"line":16,"column":66}},"16":{"start":{"line":17,"column":0},"end":{"line":17,"column":49}},"17":{"start":{"line":18,"column":0},"end":{"line":18,"column":47}},"18":{"start":{"line":19,"column":0},"end":{"line":19,"column":36}},"19":{"start":{"line":20,"column":0},"end":{"line":20,"column":38}},"20":{"start":{"line":21,"column":0},"end":{"line":21,"column":25}},"21":{"start":{"line":22,"column":0},"end":{"line":22,"column":13}},"23":{"start":{"line":24,"column":0},"end":{"line":24,"column":85}},"24":{"start":{"line":25,"column":0},"end":{"line":25,"column":73}},"26":{"start":{"line":27,"column":0},"end":{"line":27,"column":69}},"27":{"start":{"line":28,"column":0},"end":{"line":28,"column":46}},"28":{"start":{"line":29,"column":0},"end":{"line":29,"column":9}},"30":{"start":{"line":31,"column":0},"end":{"line":31,"column":68}},"31":{"start":{"line":32,"column":0},"end":{"line":32,"column":6}},"33":{"start":{"line":34,"column":0},"end":{"line":34,"column":58}},"34":{"start":{"line":35,"column":0},"end":{"line":35,"column":2}}},"s":{"2":0,"3":0,"4":0,"5":0,"6":0,"7":0,"9":0,"10":0,"11":0,"12":0,"14":0,"15":0,"16":0,"17":0,"18":0,"19":0,"20":0,"21":0,"23":0,"24":0,"26":0,"27":0,"28":0,"30":0,"31":0,"33":0,"34":0},"branchMap":{"0":{"type":"branch","line":1,"loc":{"start":{"line":1,"column":1504},"end":{"line":35,"column":2}},"locations":[{"start":{"line":1,"column":1504},"end":{"line":35,"column":2}}]}},"b":{"0":[1]},"fnMap":{"0":{"name":"(empty-report)","decl":{"start":{"line":1,"column":1504},"end":{"line":35,"column":2}},"loc":{"start":{"line":1,"column":1504},"end":{"line":35,"column":2}},"line":1}},"f":{"0":1}}
,"D:\\projects\\@krinopotam\\js-helpers\\src\\helpersDOM\\isElementVisible.ts": {"path":"D:\\projects\\@krinopotam\\js-helpers\\src\\helpersDOM\\isElementVisible.ts","all":true,"statementMap":{"1":{"start":{"line":2,"column":0},"end":{"line":2,"column":59}},"2":{"start":{"line":3,"column":0},"end":{"line":3,"column":28}},"3":{"start":{"line":4,"column":0},"end":{"line":4,"column":65}},"4":{"start":{"line":5,"column":0},"end":{"line":5,"column":33}},"5":{"start":{"line":6,"column":0},"end":{"line":6,"column":64}},"6":{"start":{"line":7,"column":0},"end":{"line":7,"column":70}},"7":{"start":{"line":8,"column":0},"end":{"line":8,"column":72}},"8":{"start":{"line":9,"column":0},"end":{"line":9,"column":52}},"9":{"start":{"line":10,"column":0},"end":{"line":10,"column":6}},"11":{"start":{"line":12,"column":0},"end":{"line":12,"column":32}},"12":{"start":{"line":13,"column":0},"end":{"line":13,"column":2}}},"s":{"1":0,"2":0,"3":0,"4":0,"5":0,"6":0,"7":0,"8":0,"9":0,"11":0,"12":0},"branchMap":{"0":{"type":"branch","line":1,"loc":{"start":{"line":1,"column":538},"end":{"line":13,"column":2}},"locations":[{"start":{"line":1,"column":538},"end":{"line":13,"column":2}}]}},"b":{"0":[1]},"fnMap":{"0":{"name":"(empty-report)","decl":{"start":{"line":1,"column":538},"end":{"line":13,"column":2}},"loc":{"start":{"line":1,"column":538},"end":{"line":13,"column":2}},"line":1}},"f":{"0":1}}
,"D:\\projects\\@krinopotam\\js-helpers\\src\\helpersDOM\\removeFromLocalStorage.ts": {"path":"D:\\projects\\@krinopotam\\js-helpers\\src\\helpersDOM\\removeFromLocalStorage.ts","all":true,"statementMap":{"1":{"start":{"line":2,"column":0},"end":{"line":2,"column":56}},"2":{"start":{"line":3,"column":0},"end":{"line":3,"column":43}},"3":{"start":{"line":4,"column":0},"end":{"line":4,"column":73}},"4":{"start":{"line":5,"column":0},"end":{"line":5,"column":15}},"5":{"start":{"line":6,"column":0},"end":{"line":6,"column":5}},"6":{"start":{"line":7,"column":0},"end":{"line":7,"column":33}},"7":{"start":{"line":8,"column":0},"end":{"line":8,"column":1}}},"s":{"1":0,"2":0,"3":0,"4":0,"5":0,"6":0,"7":0},"branchMap":{"0":{"type":"branch","line":1,"loc":{"start":{"line":1,"column":286},"end":{"line":8,"column":1}},"locations":[{"start":{"line":1,"column":286},"end":{"line":8,"column":1}}]}},"b":{"0":[1]},"fnMap":{"0":{"name":"(empty-report)","decl":{"start":{"line":1,"column":286},"end":{"line":8,"column":1}},"loc":{"start":{"line":1,"column":286},"end":{"line":8,"column":1}},"line":1}},"f":{"0":1}}
,"D:\\projects\\@krinopotam\\js-helpers\\src\\helpersEnvironment\\isDebugMode.ts": {"path":"D:\\projects\\@krinopotam\\js-helpers\\src\\helpersEnvironment\\isDebugMode.ts","all":true,"statementMap":{"1":{"start":{"line":2,"column":0},"end":{"line":2,"column":34}},"3":{"start":{"line":4,"column":0},"end":{"line":4,"column":85}},"4":{"start":{"line":5,"column":0},"end":{"line":5,"column":2}}},"s":{"1":0,"3":0,"4":0},"branchMap":{"0":{"type":"branch","line":1,"loc":{"start":{"line":1,"column":175},"end":{"line":5,"column":2}},"locations":[{"start":{"line":1,"column":175},"end":{"line":5,"column":2}}]}},"b":{"0":[1]},"fnMap":{"0":{"name":"(empty-report)","decl":{"start":{"line":1,"column":175},"end":{"line":5,"column":2}},"loc":{"start":{"line":1,"column":175},"end":{"line":5,"column":2}},"line":1}},"f":{"0":1}}
,"D:\\projects\\@krinopotam\\js-helpers\\src\\helpersEnvironment\\isMobileBrowser.ts": {"path":"D:\\projects\\@krinopotam\\js-helpers\\src\\helpersEnvironment\\isMobileBrowser.ts","all":false,"statementMap":{"1":{"start":{"line":2,"column":0},"end":{"line":2,"column":38}},"4":{"start":{"line":5,"column":0},"end":{"line":5,"column":78}},"6":{"start":{"line":7,"column":0},"end":{"line":7,"column":20}},"7":{"start":{"line":8,"column":0},"end":{"line":8,"column":18}},"8":{"start":{"line":9,"column":0},"end":{"line":9,"column":16}},"9":{"start":{"line":10,"column":0},"end":{"line":10,"column":17}},"10":{"start":{"line":11,"column":0},"end":{"line":11,"column":15}},"11":{"start":{"line":12,"column":0},"end":{"line":12,"column":15}},"12":{"start":{"line":13,"column":0},"end":{"line":13,"column":21}},"13":{"start":{"line":14,"column":0},"end":{"line":14,"column":19}},"14":{"start":{"line":15,"column":0},"end":{"line":15,"column":21}},"15":{"start":{"line":16,"column":0},"end":{"line":16,"column":18}},"16":{"start":{"line":17,"column":0},"end":{"line":17,"column":15}},"17":{"start":{"line":18,"column":0},"end":{"line":18,"column":17}},"18":{"start":{"line":19,"column":0},"end":{"line":19,"column":17}},"19":{"start":{"line":20,"column":0},"end":{"line":20,"column":17}},"20":{"start":{"line":21,"column":0},"end":{"line":21,"column":17}},"21":{"start":{"line":22,"column":0},"end":{"line":22,"column":15}},"22":{"start":{"line":23,"column":0},"end":{"line":23,"column":17}},"23":{"start":{"line":24,"column":0},"end":{"line":24,"column":14}},"24":{"start":{"line":25,"column":0},"end":{"line":25,"column":16}},"25":{"start":{"line":26,"column":0},"end":{"line":26,"column":15}},"26":{"start":{"line":27,"column":0},"end":{"line":27,"column":14}},"27":{"start":{"line":28,"column":0},"end":{"line":28,"column":18}},"28":{"start":{"line":29,"column":0},"end":{"line":29,"column":17}},"29":{"start":{"line":30,"column":0},"end":{"line":30,"column":16}},"30":{"start":{"line":31,"column":0},"end":{"line":31,"column":16}},"31":{"start":{"line":32,"column":0},"end":{"line":32,"column":16}},"32":{"start":{"line":33,"column":0},"end":{"line":33,"column":6}},"34":{"start":{"line":35,"column":0},"end":{"line":35,"column":58}},"35":{"start":{"line":36,"column":0},"end":{"line":36,"column":39}},"36":{"start":{"line":37,"column":0},"end":{"line":37,"column":1}}},"s":{"1":1,"4":4,"6":4,"7":4,"8":4,"9":4,"10":4,"11":4,"12":4,"13":4,"14":4,"15":4,"16":4,"17":4,"18":4,"19":4,"20":4,"21":4,"22":4,"23":4,"24":4,"25":4,"26":4,"27":4,"28":4,"29":4,"30":4,"31":4,"32":4,"34":4,"35":4,"36":4},"branchMap":{"0":{"type":"branch","line":2,"loc":{"start":{"line":2,"column":31},"end":{"line":37,"column":1}},"locations":[{"start":{"line":2,"column":31},"end":{"line":37,"column":1}}]},"1":{"type":"branch","line":5,"loc":{"start":{"line":5,"column":32},"end":{"line":5,"column":65}},"locations":[{"start":{"line":5,"column":32},"end":{"line":5,"column":65}}]},"2":{"type":"branch","line":5,"loc":{"start":{"line":5,"column":55},"end":{"line":5,"column":78}},"locations":[{"start":{"line":5,"column":55},"end":{"line":5,"column":78}}]}},"b":{"0":[4],"1":[0],"2":[0]},"fnMap":{"0":{"name":"isMobileBrowser","decl":{"start":{"line":2,"column":31},"end":{"line":37,"column":1}},"loc":{"start":{"line":2,"column":31},"end":{"line":37,"column":1}},"line":2}},"f":{"0":4}}
,"D:\\projects\\@krinopotam\\js-helpers\\src\\helpersEnvironment\\measureTime.ts": {"path":"D:\\projects\\@krinopotam\\js-helpers\\src\\helpersEnvironment\\measureTime.ts","all":false,"statementMap":{"1":{"start":{"line":2,"column":0},"end":{"line":2,"column":65}},"2":{"start":{"line":3,"column":0},"end":{"line":3,"column":36}},"3":{"start":{"line":4,"column":0},"end":{"line":4,"column":24}},"4":{"start":{"line":5,"column":0},"end":{"line":5,"column":34}},"5":{"start":{"line":6,"column":0},"end":{"line":6,"column":51}},"6":{"start":{"line":7,"column":0},"end":{"line":7,"column":18}},"7":{"start":{"line":8,"column":0},"end":{"line":8,"column":1}}},"s":{"1":1,"2":2,"3":2,"4":2,"5":2,"6":2,"7":2},"branchMap":{"0":{"type":"branch","line":2,"loc":{"start":{"line":2,"column":27},"end":{"line":8,"column":1}},"locations":[{"start":{"line":2,"column":27},"end":{"line":8,"column":1}}]}},"b":{"0":[2]},"fnMap":{"0":{"name":"measureTime","decl":{"start":{"line":2,"column":27},"end":{"line":8,"column":1}},"loc":{"start":{"line":2,"column":27},"end":{"line":8,"column":1}},"line":2}},"f":{"0":2}}
,"D:\\projects\\@krinopotam\\js-helpers\\src\\helpersObjects\\addElementToArray.ts": {"path":"D:\\projects\\@krinopotam\\js-helpers\\src\\helpersObjects\\addElementToArray.ts","all":false,"statementMap":{"9":{"start":{"line":10,"column":0},"end":{"line":10,"column":159}},"10":{"start":{"line":11,"column":0},"end":{"line":11,"column":40}},"12":{"start":{"line":13,"column":0},"end":{"line":13,"column":73}},"13":{"start":{"line":14,"column":0},"end":{"line":14,"column":107}},"15":{"start":{"line":16,"column":0},"end":{"line":16,"column":23}},"16":{"start":{"line":17,"column":0},"end":{"line":17,"column":19}},"17":{"start":{"line":18,"column":0},"end":{"line":18,"column":37}},"18":{"start":{"line":19,"column":0},"end":{"line":19,"column":18}},"19":{"start":{"line":20,"column":0},"end":{"line":20,"column":22}},"20":{"start":{"line":21,"column":0},"end":{"line":21,"column":34}},"21":{"start":{"line":22,"column":0},"end":{"line":22,"column":18}},"22":{"start":{"line":23,"column":0},"end":{"line":23,"column":21}},"23":{"start":{"line":24,"column":0},"end":{"line":24,"column":52}},"24":{"start":{"line":25,"column":0},"end":{"line":25,"column":18}},"25":{"start":{"line":26,"column":0},"end":{"line":26,"column":21}},"26":{"start":{"line":27,"column":0},"end":{"line":27,"column":56}},"27":{"start":{"line":28,"column":0},"end":{"line":28,"column":18}},"28":{"start":{"line":29,"column":0},"end":{"line":29,"column":16}},"29":{"start":{"line":30,"column":0},"end":{"line":30,"column":83}},"30":{"start":{"line":31,"column":0},"end":{"line":31,"column":5}},"32":{"start":{"line":33,"column":0},"end":{"line":33,"column":16}},"33":{"start":{"line":34,"column":0},"end":{"line":34,"column":2}}},"s":{"9":1,"10":6,"12":6,"13":6,"15":6,"16":6,"17":1,"18":1,"19":6,"20":3,"21":3,"22":6,"23":1,"24":1,"25":6,"26":1,"27":1,"28":6,"29":0,"30":6,"32":6,"33":6},"branchMap":{"0":{"type":"branch","line":10,"loc":{"start":{"line":10,"column":33},"end":{"line":34,"column":2}},"locations":[{"start":{"line":10,"column":33},"end":{"line":34,"column":2}}]},"1":{"type":"branch","line":11,"loc":{"start":{"line":11,"column":17},"end":{"line":11,"column":36}},"locations":[{"start":{"line":11,"column":17},"end":{"line":11,"column":36}}]},"2":{"type":"branch","line":11,"loc":{"start":{"line":11,"column":32},"end":{"line":11,"column":40}},"locations":[{"start":{"line":11,"column":32},"end":{"line":11,"column":40}}]},"3":{"type":"branch","line":13,"loc":{"start":{"line":13,"column":24},"end":{"line":13,"column":70}},"locations":[{"start":{"line":13,"column":24},"end":{"line":13,"column":70}}]},"4":{"type":"branch","line":13,"loc":{"start":{"line":13,"column":66},"end":{"line":13,"column":73}},"locations":[{"start":{"line":13,"column":66},"end":{"line":13,"column":73}}]},"5":{"type":"branch","line":14,"loc":{"start":{"line":14,"column":21},"end":{"line":14,"column":87}},"locations":[{"start":{"line":14,"column":21},"end":{"line":14,"column":87}}]},"6":{"type":"branch","line":14,"loc":{"start":{"line":14,"column":87},"end":{"line":14,"column":107}},"locations":[{"start":{"line":14,"column":87},"end":{"line":14,"column":107}}]},"7":{"type":"branch","line":17,"loc":{"start":{"line":17,"column":8},"end":{"line":19,"column":18}},"locations":[{"start":{"line":17,"column":8},"end":{"line":19,"column":18}}]},"8":{"type":"branch","line":20,"loc":{"start":{"line":20,"column":8},"end":{"line":22,"column":18}},"locations":[{"start":{"line":20,"column":8},"end":{"line":22,"column":18}}]},"9":{"type":"branch","line":23,"loc":{"start":{"line":23,"column":8},"end":{"line":25,"column":18}},"locations":[{"start":{"line":23,"column":8},"end":{"line":25,"column":18}}]},"10":{"type":"branch","line":26,"loc":{"start":{"line":26,"column":8},"end":{"line":28,"column":18}},"locations":[{"start":{"line":26,"column":8},"end":{"line":28,"column":18}}]},"11":{"type":"branch","line":29,"loc":{"start":{"line":29,"column":8},"end":{"line":30,"column":83}},"locations":[{"start":{"line":29,"column":8},"end":{"line":30,"column":83}}]}},"b":{"0":[6],"1":[5],"2":[1],"3":[2],"4":[4],"5":[5],"6":[3],"7":[1],"8":[3],"9":[1],"10":[1],"11":[0]},"fnMap":{"0":{"name":"AddElementToArray","decl":{"start":{"line":10,"column":33},"end":{"line":34,"column":2}},"loc":{"start":{"line":10,"column":33},"end":{"line":34,"column":2}},"line":10}},"f":{"0":6}}
,"D:\\projects\\@krinopotam\\js-helpers\\src\\helpersObjects\\cloneObject.ts": {"path":"D:\\projects\\@krinopotam\\js-helpers\\src\\helpersObjects\\cloneObject.ts","all":false,"statementMap":{"0":{"start":{"line":1,"column":0},"end":{"line":1,"column":34}},"1":{"start":{"line":2,"column":0},"end":{"line":2,"column":64}},"6":{"start":{"line":7,"column":0},"end":{"line":7,"column":86}},"7":{"start":{"line":8,"column":0},"end":{"line":8,"column":82}},"9":{"start":{"line":10,"column":0},"end":{"line":10,"column":82}},"10":{"start":{"line":11,"column":0},"end":{"line":11,"column":29}},"12":{"start":{"line":13,"column":0},"end":{"line":13,"column":60}},"13":{"start":{"line":14,"column":0},"end":{"line":14,"column":54}},"14":{"start":{"line":15,"column":0},"end":{"line":15,"column":39}},"16":{"start":{"line":17,"column":0},"end":{"line":17,"column":16}},"17":{"start":{"line":18,"column":0},"end":{"line":18,"column":32}},"18":{"start":{"line":19,"column":0},"end":{"line":19,"column":60}},"19":{"start":{"line":20,"column":0},"end":{"line":20,"column":34}},"20":{"start":{"line":21,"column":0},"end":{"line":21,"column":107}},"22":{"start":{"line":23,"column":0},"end":{"line":23,"column":47}},"23":{"start":{"line":24,"column":0},"end":{"line":24,"column":74}},"24":{"start":{"line":25,"column":0},"end":{"line":25,"column":51}},"25":{"start":{"line":26,"column":0},"end":{"line":26,"column":9}},"27":{"start":{"line":28,"column":0},"end":{"line":28,"column":25}},"28":{"start":{"line":29,"column":0},"end":{"line":29,"column":6}},"31":{"start":{"line":32,"column":0},"end":{"line":32,"column":64}},"32":{"start":{"line":33,"column":0},"end":{"line":33,"column":40}},"33":{"start":{"line":34,"column":0},"end":{"line":34,"column":16}},"34":{"start":{"line":35,"column":0},"end":{"line":35,"column":46}},"35":{"start":{"line":36,"column":0},"end":{"line":36,"column":32}},"36":{"start":{"line":37,"column":0},"end":{"line":37,"column":105}},"38":{"start":{"line":39,"column":0},"end":{"line":39,"column":45}},"39":{"start":{"line":40,"column":0},"end":{"line":40,"column":74}},"40":{"start":{"line":41,"column":0},"end":{"line":41,"column":51}},"41":{"start":{"line":42,"column":0},"end":{"line":42,"column":9}},"43":{"start":{"line":44,"column":0},"end":{"line":44,"column":25}},"44":{"start":{"line":45,"column":0},"end":{"line":45,"column":6}},"46":{"start":{"line":47,"column":0},"end":{"line":47,"column":69}},"48":{"start":{"line":49,"column":0},"end":{"line":49,"column":27}},"49":{"start":{"line":50,"column":0},"end":{"line":50,"column":73}},"50":{"start":{"line":51,"column":0},"end":{"line":51,"column":50}},"51":{"start":{"line":52,"column":0},"end":{"line":52,"column":2}}},"s":{"0":1,"1":1,"6":1,"7":11,"9":11,"10":30,"12":30,"13":17,"14":17,"16":17,"17":30,"18":37,"19":37,"20":37,"22":21,"23":16,"24":5,"25":37,"27":17,"28":30,"31":11,"32":6,"33":6,"34":6,"35":11,"36":11,"38":9,"39":9,"40":0,"41":11,"43":6,"44":6,"46":11,"48":6,"49":5,"50":1,"51":11},"branchMap":{"0":{"type":"branch","line":7,"loc":{"start":{"line":7,"column":27},"end":{"line":52,"column":2}},"locations":[{"start":{"line":7,"column":27},"end":{"line":52,"column":2}}]},"1":{"type":"branch","line":47,"loc":{"start":{"line":47,"column":26},"end":{"line":47,"column":55}},"locations":[{"start":{"line":47,"column":26},"end":{"line":47,"column":55}}]},"2":{"type":"branch","line":47,"loc":{"start":{"line":47,"column":55},"end":{"line":47,"column":69}},"locations":[{"start":{"line":47,"column":55},"end":{"line":47,"column":69}}]},"3":{"type":"branch","line":47,"loc":{"start":{"line":47,"column":62},"end":{"line":49,"column":27}},"locations":[{"start":{"line":47,"column":62},"end":{"line":49,"column":27}}]},"4":{"type":"branch","line":49,"loc":{"start":{"line":49,"column":26},"end":{"line":50,"column":73}},"locations":[{"start":{"line":49,"column":26},"end":{"line":50,"column":73}}]},"5":{"type":"branch","line":50,"loc":{"start":{"line":50,"column":60},"end":{"line":51,"column":50}},"locations":[{"start":{"line":50,"column":60},"end":{"line":51,"column":50}}]},"6":{"type":"branch","line":10,"loc":{"start":{"line":10,"column":25},"end":{"line":29,"column":6}},"locations":[{"start":{"line":10,"column":25},"end":{"line":29,"column":6}}]},"7":{"type":"branch","line":11,"loc":{"start":{"line":11,"column":18},"end":{"line":11,"column":29}},"locations":[{"start":{"line":11,"column":18},"end":{"line":11,"column":29}}]},"8":{"type":"branch","line":13,"loc":{"start":{"line":13,"column":33},"end":{"line":13,"column":60}},"locations":[{"start":{"line":13,"column":33},"end":{"line":13,"column":60}}]},"9":{"type":"branch","line":13,"loc":{"start":{"line":13,"column":58},"end":{"line":18,"column":31}},"locations":[{"start":{"line":13,"column":58},"end":{"line":18,"column":31}}]},"10":{"type":"branch","line":18,"loc":{"start":{"line":18,"column":31},"end":{"line":26,"column":9}},"locations":[{"start":{"line":18,"column":31},"end":{"line":26,"column":9}}]},"11":{"type":"branch","line":19,"loc":{"start":{"line":19,"column":51},"end":{"line":19,"column":60}},"locations":[{"start":{"line":19,"column":51},"end":{"line":19,"column":60}}]},"12":{"type":"branch","line":21,"loc":{"start":{"line":21,"column":41},"end":{"line":21,"column":85}},"locations":[{"start":{"line":21,"column":41},"end":{"line":21,"column":85}}]},"13":{"type":"branch","line":21,"loc":{"start":{"line":21,"column":54},"end":{"line":21,"column":85}},"locations":[{"start":{"line":21,"column":54},"end":{"line":21,"column":85}}]},"14":{"type":"branch","line":21,"loc":{"start":{"line":21,"column":85},"end":{"line":21,"column":107}},"locations":[{"start":{"line":21,"column":85},"end":{"line":21,"column":107}}]},"15":{"type":"branch","line":21,"loc":{"start":{"line":21,"column":102},"end":{"line":25,"column":51}},"locations":[{"start":{"line":21,"column":102},"end":{"line":25,"column":51}}]},"16":{"type":"branch","line":23,"loc":{"start":{"line":23,"column":46},"end":{"line":24,"column":74}},"locations":[{"start":{"line":23,"column":46},"end":{"line":24,"column":74}}]},"17":{"type":"branch","line":24,"loc":{"start":{"line":24,"column":73},"end":{"line":25,"column":51}},"locations":[{"start":{"line":24,"column":73},"end":{"line":25,"column":51}}]},"18":{"type":"branch","line":26,"loc":{"start":{"line":26,"column":8},"end":{"line":28,"column":25}},"locations":[{"start":{"line":26,"column":8},"end":{"line":28,"column":25}}]},"19":{"type":"branch","line":32,"loc":{"start":{"line":32,"column":28},"end":{"line":45,"column":6}},"locations":[{"start":{"line":32,"column":28},"end":{"line":45,"column":6}}]},"20":{"type":"branch","line":35,"loc":{"start":{"line":35,"column":45},"end":{"line":42,"column":9}},"locations":[{"start":{"line":35,"column":45},"end":{"line":42,"column":9}}]},"21":{"type":"branch","line":37,"loc":{"start":{"line":37,"column":41},"end":{"line":37,"column":85}},"locations":[{"start":{"line":37,"column":41},"end":{"line":37,"column":85}}]},"22":{"type":"branch","line":37,"loc":{"start":{"line":37,"column":54},"end":{"line":37,"column":85}},"locations":[{"start":{"line":37,"column":54},"end":{"line":37,"column":85}}]},"23":{"type":"branch","line":37,"loc":{"start":{"line":37,"column":85},"end":{"line":37,"column":105}},"locations":[{"start":{"line":37,"column":85},"end":{"line":37,"column":105}}]},"24":{"type":"branch","line":37,"loc":{"start":{"line":37,"column":100},"end":{"line":41,"column":51}},"locations":[{"start":{"line":37,"column":100},"end":{"line":41,"column":51}}]},"25":{"type":"branch","line":40,"loc":{"start":{"line":40,"column":73},"end":{"line":41,"column":51}},"locations":[{"start":{"line":40,"column":73},"end":{"line":41,"column":51}}]}},"b":{"0":[11],"1":[7],"2":[5],"3":[6],"4":[5],"5":[1],"6":[30],"7":[0],"8":[13],"9":[17],"10":[37],"11":[0],"12":[22],"13":[3],"14":[16],"15":[21],"16":[16],"17":[5],"18":[17],"19":[6],"20":[11],"21":[9],"22":[0],"23":[2],"24":[9],"25":[0]},"fnMap":{"0":{"name":"CloneObject","decl":{"start":{"line":7,"column":27},"end":{"line":52,"column":2}},"loc":{"start":{"line":7,"column":27},"end":{"line":52,"column":2}},"line":7},"1":{"name":"objRecursion","decl":{"start":{"line":10,"column":25},"end":{"line":29,"column":6}},"loc":{"start":{"line":10,"column":25},"end":{"line":29,"column":6}},"line":10},"2":{"name":"arraysRecursion","decl":{"start":{"line":32,"column":28},"end":{"line":45,"column":6}},"loc":{"start":{"line":32,"column":28},"end":{"line":45,"column":6}},"line":32}},"f":{"0":11,"1":30,"2":6}}
,"D:\\projects\\@krinopotam\\js-helpers\\src\\helpersObjects\\findIndexInObjectsArray.ts": {"path":"D:\\projects\\@krinopotam\\js-helpers\\src\\helpersObjects\\findIndexInObjectsArray.ts","all":false,"statementMap":{"0":{"start":{"line":1,"column":0},"end":{"line":1,"column":34}},"3":{"start":{"line":4,"column":0},"end":{"line":4,"column":147}},"4":{"start":{"line":5,"column":0},"end":{"line":5,"column":38}},"6":{"start":{"line":7,"column":0},"end":{"line":7,"column":47}},"7":{"start":{"line":8,"column":0},"end":{"line":8,"column":61}},"8":{"start":{"line":9,"column":0},"end":{"line":9,"column":5}},"10":{"start":{"line":11,"column":0},"end":{"line":11,"column":14}},"11":{"start":{"line":12,"column":0},"end":{"line":12,"column":2}}},"s":{"0":1,"3":1,"4":4,"6":4,"7":5,"8":5,"10":2,"11":2},"branchMap":{"0":{"type":"branch","line":4,"loc":{"start":{"line":4,"column":39},"end":{"line":12,"column":2}},"locations":[{"start":{"line":4,"column":39},"end":{"line":12,"column":2}}]},"1":{"type":"branch","line":5,"loc":{"start":{"line":5,"column":28},"end":{"line":5,"column":38}},"locations":[{"start":{"line":5,"column":28},"end":{"line":5,"column":38}}]},"2":{"type":"branch","line":5,"loc":{"start":{"line":5,"column":35},"end":{"line":7,"column":46}},"locations":[{"start":{"line":5,"column":35},"end":{"line":7,"column":46}}]},"3":{"type":"branch","line":7,"loc":{"start":{"line":7,"column":46},"end":{"line":9,"column":5}},"locations":[{"start":{"line":7,"column":46},"end":{"line":9,"column":5}}]},"4":{"type":"branch","line":8,"loc":{"start":{"line":8,"column":52},"end":{"line":8,"column":61}},"locations":[{"start":{"line":8,"column":52},"end":{"line":8,"column":61}}]},"5":{"type":"branch","line":9,"loc":{"start":{"line":9,"column":4},"end":{"line":12,"column":2}},"locations":[{"start":{"line":9,"column":4},"end":{"line":12,"column":2}}]}},"b":{"0":[4],"1":[1],"2":[3],"3":[5],"4":[1],"5":[2]},"fnMap":{"0":{"name":"FindIndexInObjectsArray","decl":{"start":{"line":4,"column":39},"end":{"line":12,"column":2}},"loc":{"start":{"line":4,"column":39},"end":{"line":12,"column":2}},"line":4}},"f":{"0":4}}
,"D:\\projects\\@krinopotam\\js-helpers\\src\\helpersObjects\\findObjectInArray.ts": {"path":"D:\\projects\\@krinopotam\\js-helpers\\src\\helpersObjects\\findObjectInArray.ts","all":false,"statementMap":{"0":{"start":{"line":1,"column":0},"end":{"line":1,"column":34}},"3":{"start":{"line":4,"column":0},"end":{"line":4,"column":131}},"4":{"start":{"line":5,"column":0},"end":{"line":5,"column":45}},"6":{"start":{"line":7,"column":0},"end":{"line":7,"column":34}},"7":{"start":{"line":8,"column":0},"end":{"line":8,"column":57}},"8":{"start":{"line":9,"column":0},"end":{"line":9,"column":5}},"10":{"start":{"line":11,"column":0},"end":{"line":11,"column":21}},"11":{"start":{"line":12,"column":0},"end":{"line":12,"column":2}}},"s":{"0":1,"3":1,"4":4,"6":4,"7":5,"8":5,"10":2,"11":2},"branchMap":{"0":{"type":"branch","line":4,"loc":{"start":{"line":4,"column":33},"end":{"line":12,"column":2}},"locations":[{"start":{"line":4,"column":33},"end":{"line":12,"column":2}}]},"1":{"type":"branch","line":5,"loc":{"start":{"line":5,"column":28},"end":{"line":5,"column":45}},"locations":[{"start":{"line":5,"column":28},"end":{"line":5,"column":45}}]},"2":{"type":"branch","line":5,"loc":{"start":{"line":5,"column":35},"end":{"line":7,"column":33}},"locations":[{"start":{"line":5,"column":35},"end":{"line":7,"column":33}}]},"3":{"type":"branch","line":7,"loc":{"start":{"line":7,"column":33},"end":{"line":9,"column":5}},"locations":[{"start":{"line":7,"column":33},"end":{"line":9,"column":5}}]},"4":{"type":"branch","line":8,"loc":{"start":{"line":8,"column":45},"end":{"line":8,"column":57}},"locations":[{"start":{"line":8,"column":45},"end":{"line":8,"column":57}}]},"5":{"type":"branch","line":9,"loc":{"start":{"line":9,"column":4},"end":{"line":12,"column":2}},"locations":[{"start":{"line":9,"column":4},"end":{"line":12,"column":2}}]}},"b":{"0":[4],"1":[1],"2":[3],"3":[5],"4":[1],"5":[2]},"fnMap":{"0":{"name":"FindObjectInArray","decl":{"start":{"line":4,"column":33},"end":{"line":12,"column":2}},"loc":{"start":{"line":4,"column":33},"end":{"line":12,"column":2}},"line":4}},"f":{"0":4}}
,"D:\\projects\\@krinopotam\\js-helpers\\src\\helpersObjects\\hashObjectContent.ts": {"path":"D:\\projects\\@krinopotam\\js-helpers\\src\\helpersObjects\\hashObjectContent.ts","all":false,"statementMap":{"0":{"start":{"line":1,"column":0},"end":{"line":1,"column":31}},"3":{"start":{"line":4,"column":0},"end":{"line":4,"column":102}},"4":{"start":{"line":5,"column":0},"end":{"line":5,"column":33}},"5":{"start":{"line":6,"column":0},"end":{"line":6,"column":2}}},"s":{"0":1,"3":1,"4":22,"5":22},"branchMap":{"0":{"type":"branch","line":4,"loc":{"start":{"line":4,"column":33},"end":{"line":6,"column":2}},"locations":[{"start":{"line":4,"column":33},"end":{"line":6,"column":2}}]}},"b":{"0":[22]},"fnMap":{"0":{"name":"HashObjectContent","decl":{"start":{"line":4,"column":33},"end":{"line":6,"column":2}},"loc":{"start":{"line":4,"column":33},"end":{"line":6,"column":2}},"line":4}},"f":{"0":22}}
,"D:\\projects\\@krinopotam\\js-helpers\\src\\helpersObjects\\isArray.ts": {"path":"D:\\projects\\@krinopotam\\js-helpers\\src\\helpersObjects\\isArray.ts","all":false,"statementMap":{"1":{"start":{"line":2,"column":0},"end":{"line":2,"column":57}},"2":{"start":{"line":3,"column":0},"end":{"line":3,"column":32}},"3":{"start":{"line":4,"column":0},"end":{"line":4,"column":2}}},"s":{"1":1,"2":51,"3":51},"branchMap":{"0":{"type":"branch","line":2,"loc":{"start":{"line":2,"column":23},"end":{"line":4,"column":2}},"locations":[{"start":{"line":2,"column":23},"end":{"line":4,"column":2}}]}},"b":{"0":[51]},"fnMap":{"0":{"name":"IsArray","decl":{"start":{"line":2,"column":23},"end":{"line":4,"column":2}},"loc":{"start":{"line":2,"column":23},"end":{"line":4,"column":2}},"line":2}},"f":{"0":51}}
,"D:\\projects\\@krinopotam\\js-helpers\\src\\helpersObjects\\isObjectHasOwnProperty.ts": {"path":"D:\\projects\\@krinopotam\\js-helpers\\src\\helpersObjects\\isObjectHasOwnProperty.ts","all":false,"statementMap":{"1":{"start":{"line":2,"column":0},"end":{"line":2,"column":107}},"2":{"start":{"line":3,"column":0},"end":{"line":3,"column":78}},"3":{"start":{"line":4,"column":0},"end":{"line":4,"column":2}}},"s":{"1":1,"2":43,"3":43},"branchMap":{"0":{"type":"branch","line":2,"loc":{"start":{"line":2,"column":38},"end":{"line":4,"column":2}},"locations":[{"start":{"line":2,"column":38},"end":{"line":4,"column":2}}]},"1":{"type":"branch","line":3,"loc":{"start":{"line":3,"column":12},"end":{"line":3,"column":26}},"locations":[{"start":{"line":3,"column":12},"end":{"line":3,"column":26}}]},"2":{"type":"branch","line":3,"loc":{"start":{"line":3,"column":18},"end":{"line":3,"column":78}},"locations":[{"start":{"line":3,"column":18},"end":{"line":3,"column":78}}]}},"b":{"0":[43],"1":[2],"2":[41]},"fnMap":{"0":{"name":"IsObjectHasOwnProperty","decl":{"start":{"line":2,"column":38},"end":{"line":4,"column":2}},"loc":{"start":{"line":2,"column":38},"end":{"line":4,"column":2}},"line":2}},"f":{"0":43}}
,"D:\\projects\\@krinopotam\\js-helpers\\src\\helpersObjects\\isObjectsEqual.ts": {"path":"D:\\projects\\@krinopotam\\js-helpers\\src\\helpersObjects\\isObjectsEqual.ts","all":false,"statementMap":{"0":{"start":{"line":1,"column":0},"end":{"line":1,"column":37}},"23":{"start":{"line":24,"column":0},"end":{"line":24,"column":111}}},"s":{"0":1,"23":1},"branchMap":{"0":{"type":"branch","line":24,"loc":{"start":{"line":24,"column":30},"end":{"line":24,"column":111}},"locations":[{"start":{"line":24,"column":30},"end":{"line":24,"column":111}}]}},"b":{"0":[7]},"fnMap":{"0":{"name":"IsObjectsEqual","decl":{"start":{"line":24,"column":30},"end":{"line":24,"column":111}},"loc":{"start":{"line":24,"column":30},"end":{"line":24,"column":111}},"line":24}},"f":{"0":7}}
,"D:\\projects\\@krinopotam\\js-helpers\\src\\helpersObjects\\isPromise.ts": {"path":"D:\\projects\\@krinopotam\\js-helpers\\src\\helpersObjects\\isPromise.ts","all":false,"statementMap":{"1":{"start":{"line":2,"column":0},"end":{"line":2,"column":66}},"2":{"start":{"line":3,"column":0},"end":{"line":3,"column":21}},"3":{"start":{"line":4,"column":0},"end":{"line":4,"column":30}},"4":{"start":{"line":5,"column":0},"end":{"line":5,"column":38}},"5":{"start":{"line":6,"column":0},"end":{"line":6,"column":69}},"6":{"start":{"line":7,"column":0},"end":{"line":7,"column":64}},"8":{"start":{"line":9,"column":0},"end":{"line":9,"column":2}}},"s":{"1":1,"2":8,"3":6,"4":5,"5":5,"6":5,"8":8},"branchMap":{"0":{"type":"branch","line":2,"loc":{"start":{"line":2,"column":25},"end":{"line":9,"column":2}},"locations":[{"start":{"line":2,"column":25},"end":{"line":9,"column":2}}]},"1":{"type":"branch","line":3,"loc":{"start":{"line":3,"column":13},"end":{"line":7,"column":64}},"locations":[{"start":{"line":3,"column":13},"end":{"line":7,"column":64}}]},"2":{"type":"branch","line":4,"loc":{"start":{"line":4,"column":23},"end":{"line":5,"column":38}},"locations":[{"start":{"line":4,"column":23},"end":{"line":5,"column":38}}]},"3":{"type":"branch","line":5,"loc":{"start":{"line":5,"column":31},"end":{"line":6,"column":69}},"locations":[{"start":{"line":5,"column":31},"end":{"line":6,"column":69}}]},"4":{"type":"branch","line":6,"loc":{"start":{"line":6,"column":51},"end":{"line":7,"column":64}},"locations":[{"start":{"line":6,"column":51},"end":{"line":7,"column":64}}]}},"b":{"0":[8],"1":[6],"2":[5],"3":[5],"4":[5]},"fnMap":{"0":{"name":"IsPromise","decl":{"start":{"line":2,"column":25},"end":{"line":9,"column":2}},"loc":{"start":{"line":2,"column":25},"end":{"line":9,"column":2}},"line":2}},"f":{"0":8}}
,"D:\\projects\\@krinopotam\\js-helpers\\src\\helpersObjects\\mergeObjects.ts": {"path":"D:\\projects\\@krinopotam\\js-helpers\\src\\helpersObjects\\mergeObjects.ts","all":false,"statementMap":{"0":{"start":{"line":1,"column":0},"end":{"line":1,"column":33}},"31":{"start":{"line":32,"column":0},"end":{"line":32,"column":125}}},"s":{"0":1,"31":1},"branchMap":{"0":{"type":"branch","line":32,"loc":{"start":{"line":32,"column":28},"end":{"line":32,"column":125}},"locations":[{"start":{"line":32,"column":28},"end":{"line":32,"column":125}}]}},"b":{"0":[6]},"fnMap":{"0":{"name":"MergeObjects","decl":{"start":{"line":32,"column":28},"end":{"line":32,"column":125}},"loc":{"start":{"line":32,"column":28},"end":{"line":32,"column":125}},"line":32}},"f":{"0":6}}
,"D:\\projects\\@krinopotam\\js-helpers\\src\\helpersObjects\\objectDiffs.ts": {"path":"D:\\projects\\@krinopotam\\js-helpers\\src\\helpersObjects\\objectDiffs.ts","all":false,"statementMap":{"0":{"start":{"line":1,"column":0},"end":{"line":1,"column":89}},"6":{"start":{"line":7,"column":0},"end":{"line":7,"column":113}},"7":{"start":{"line":8,"column":0},"end":{"line":8,"column":55}},"8":{"start":{"line":9,"column":0},"end":{"line":9,"column":64}},"9":{"start":{"line":10,"column":0},"end":{"line":10,"column":64}},"10":{"start":{"line":11,"column":0},"end":{"line":11,"column":66}},"11":{"start":{"line":12,"column":0},"end":{"line":12,"column":33}},"12":{"start":{"line":13,"column":0},"end":{"line":13,"column":2}}},"s":{"0":1,"6":1,"7":5,"8":4,"9":3,"10":2,"11":1,"12":5},"branchMap":{"0":{"type":"branch","line":7,"loc":{"start":{"line":7,"column":27},"end":{"line":13,"column":2}},"locations":[{"start":{"line":7,"column":27},"end":{"line":13,"column":2}}]},"1":{"type":"branch","line":8,"loc":{"start":{"line":8,"column":26},"end":{"line":8,"column":55}},"locations":[{"start":{"line":8,"column":26},"end":{"line":8,"column":55}}]},"2":{"type":"branch","line":8,"loc":{"start":{"line":8,"column":53},"end":{"line":12,"column":33}},"locations":[{"start":{"line":8,"column":53},"end":{"line":12,"column":33}}]},"3":{"type":"branch","line":9,"loc":{"start":{"line":9,"column":33},"end":{"line":9,"column":64}},"locations":[{"start":{"line":9,"column":33},"end":{"line":9,"column":64}}]},"4":{"type":"branch","line":9,"loc":{"start":{"line":9,"column":62},"end":{"line":12,"column":33}},"locations":[{"start":{"line":9,"column":62},"end":{"line":12,"column":33}}]},"5":{"type":"branch","line":10,"loc":{"start":{"line":10,"column":33},"end":{"line":10,"column":64}},"locations":[{"start":{"line":10,"column":33},"end":{"line":10,"column":64}}]},"6":{"type":"branch","line":10,"loc":{"start":{"line":10,"column":62},"end":{"line":12,"column":33}},"locations":[{"start":{"line":10,"column":62},"end":{"line":12,"column":33}}]},"7":{"type":"branch","line":11,"loc":{"start":{"line":11,"column":34},"end":{"line":12,"column":33}},"locations":[{"start":{"line":11,"column":34},"end":{"line":12,"column":33}}]}},"b":{"0":[5],"1":[1],"2":[4],"3":[1],"4":[3],"5":[1],"6":[2],"7":[1]},"fnMap":{"0":{"name":"ObjectDiffs","decl":{"start":{"line":7,"column":27},"end":{"line":13,"column":2}},"loc":{"start":{"line":7,"column":27},"end":{"line":13,"column":2}},"line":7}},"f":{"0":5}}
,"D:\\projects\\@krinopotam\\js-helpers\\src\\helpersObjects\\objectKeys.ts": {"path":"D:\\projects\\@krinopotam\\js-helpers\\src\\helpersObjects\\objectKeys.ts","all":false,"statementMap":{"1":{"start":{"line":2,"column":0},"end":{"line":2,"column":104}},"2":{"start":{"line":3,"column":0},"end":{"line":3,"column":58}},"3":{"start":{"line":4,"column":0},"end":{"line":4,"column":46}},"4":{"start":{"line":5,"column":0},"end":{"line":5,"column":2}}},"s":{"1":1,"2":11,"3":4,"4":4},"branchMap":{"0":{"type":"branch","line":2,"loc":{"start":{"line":2,"column":26},"end":{"line":5,"column":2}},"locations":[{"start":{"line":2,"column":26},"end":{"line":5,"column":2}}]},"1":{"type":"branch","line":3,"loc":{"start":{"line":3,"column":9},"end":{"line":3,"column":41}},"locations":[{"start":{"line":3,"column":9},"end":{"line":3,"column":41}}]},"2":{"type":"branch","line":3,"loc":{"start":{"line":3,"column":41},"end":{"line":3,"column":58}},"locations":[{"start":{"line":3,"column":41},"end":{"line":3,"column":58}}]},"3":{"type":"branch","line":3,"loc":{"start":{"line":3,"column":48},"end":{"line":5,"column":2}},"locations":[{"start":{"line":3,"column":48},"end":{"line":5,"column":2}}]}},"b":{"0":[11],"1":[8],"2":[7],"3":[4]},"fnMap":{"0":{"name":"ObjectKeys","decl":{"start":{"line":2,"column":26},"end":{"line":5,"column":2}},"loc":{"start":{"line":2,"column":26},"end":{"line":5,"column":2}},"line":2}},"f":{"0":11}}
,"D:\\projects\\@krinopotam\\js-helpers\\src\\helpersObjects\\objectKeysLength.ts": {"path":"D:\\projects\\@krinopotam\\js-helpers\\src\\helpersObjects\\objectKeysLength.ts","all":false,"statementMap":{"0":{"start":{"line":1,"column":0},"end":{"line":1,"column":40}},"3":{"start":{"line":4,"column":0},"end":{"line":4,"column":77}},"4":{"start":{"line":5,"column":0},"end":{"line":5,"column":33}},"5":{"start":{"line":6,"column":0},"end":{"line":6,"column":34}},"6":{"start":{"line":7,"column":0},"end":{"line":7,"column":2}}},"s":{"0":1,"3":1,"4":6,"5":6,"6":6},"branchMap":{"0":{"type":"branch","line":4,"loc":{"start":{"line":4,"column":32},"end":{"line":7,"column":2}},"locations":[{"start":{"line":4,"column":32},"end":{"line":7,"column":2}}]},"1":{"type":"branch","line":6,"loc":{"start":{"line":6,"column":11},"end":{"line":6,"column":32}},"locations":[{"start":{"line":6,"column":11},"end":{"line":6,"column":32}}]},"2":{"type":"branch","line":6,"loc":{"start":{"line":6,"column":23},"end":{"line":6,"column":34}},"locations":[{"start":{"line":6,"column":23},"end":{"line":6,"column":34}}]}},"b":{"0":[6],"1":[2],"2":[4]},"fnMap":{"0":{"name":"ObjectKeysLength","decl":{"start":{"line":4,"column":32},"end":{"line":7,"column":2}},"loc":{"start":{"line":4,"column":32},"end":{"line":7,"column":2}},"line":4}},"f":{"0":6}}
,"D:\\projects\\@krinopotam\\js-helpers\\src\\helpersObjects\\parseJwt.ts": {"path":"D:\\projects\\@krinopotam\\js-helpers\\src\\helpersObjects\\parseJwt.ts","all":false,"statementMap":{"5":{"start":{"line":6,"column":0},"end":{"line":6,"column":106}},"6":{"start":{"line":7,"column":0},"end":{"line":7,"column":32}},"7":{"start":{"line":8,"column":0},"end":{"line":8,"column":9}},"8":{"start":{"line":9,"column":0},"end":{"line":9,"column":46}},"9":{"start":{"line":10,"column":0},"end":{"line":10,"column":71}},"10":{"start":{"line":11,"column":0},"end":{"line":11,"column":47}},"11":{"start":{"line":12,"column":0},"end":{"line":12,"column":18}},"12":{"start":{"line":13,"column":0},"end":{"line":13,"column":29}},"13":{"start":{"line":14,"column":0},"end":{"line":14,"column":26}},"14":{"start":{"line":15,"column":0},"end":{"line":15,"column":29}},"15":{"start":{"line":16,"column":0},"end":{"line":16,"column":81}},"16":{"start":{"line":17,"column":0},"end":{"line":17,"column":18}},"17":{"start":{"line":18,"column":0},"end":{"line":18,"column":25}},"18":{"start":{"line":19,"column":0},"end":{"line":19,"column":10}},"20":{"start":{"line":21,"column":0},"end":{"line":21,"column":39}},"21":{"start":{"line":22,"column":0},"end":{"line":22,"column":21}},"22":{"start":{"line":23,"column":0},"end":{"line":23,"column":24}},"23":{"start":{"line":24,"column":0},"end":{"line":24,"column":5}},"24":{"start":{"line":25,"column":0},"end":{"line":25,"column":2}}},"s":{"5":1,"6":4,"7":3,"8":3,"9":3,"10":3,"11":3,"12":3,"13":3,"14":3,"15":75,"16":3,"17":3,"18":3,"20":3,"21":4,"22":2,"23":2,"24":4},"branchMap":{"0":{"type":"branch","line":6,"loc":{"start":{"line":6,"column":24},"end":{"line":25,"column":2}},"locations":[{"start":{"line":6,"column":24},"end":{"line":25,"column":2}}]},"1":{"type":"branch","line":7,"loc":{"start":{"line":7,"column":16},"end":{"line":7,"column":32}},"locations":[{"start":{"line":7,"column":16},"end":{"line":7,"column":32}}]},"2":{"type":"branch","line":7,"loc":{"start":{"line":7,"column":23},"end":{"line":22,"column":13}},"locations":[{"start":{"line":7,"column":23},"end":{"line":22,"column":13}}]},"3":{"type":"branch","line":22,"loc":{"start":{"line":22,"column":4},"end":{"line":24,"column":5}},"locations":[{"start":{"line":22,"column":4},"end":{"line":24,"column":5}}]},"4":{"type":"branch","line":15,"loc":{"start":{"line":15,"column":21},"end":{"line":17,"column":17}},"locations":[{"start":{"line":15,"column":21},"end":{"line":17,"column":17}}]}},"b":{"0":[4],"1":[1],"2":[3],"3":[2],"4":[75]},"fnMap":{"0":{"name":"ParseJwt","decl":{"start":{"line":6,"column":24},"end":{"line":25,"column":2}},"loc":{"start":{"line":6,"column":24},"end":{"line":25,"column":2}},"line":6}},"f":{"0":4}}
,"D:\\projects\\@krinopotam\\js-helpers\\src\\helpersObjects\\splitObject.ts": {"path":"D:\\projects\\@krinopotam\\js-helpers\\src\\helpersObjects\\splitObject.ts","all":false,"statementMap":{"8":{"start":{"line":9,"column":0},"end":{"line":9,"column":144}},"9":{"start":{"line":10,"column":0},"end":{"line":10,"column":26}},"10":{"start":{"line":11,"column":0},"end":{"line":11,"column":26}},"12":{"start":{"line":13,"column":0},"end":{"line":13,"column":28}},"13":{"start":{"line":14,"column":0},"end":{"line":14,"column":136}},"14":{"start":{"line":15,"column":0},"end":{"line":15,"column":92}},"15":{"start":{"line":16,"column":0},"end":{"line":16,"column":5}},"16":{"start":{"line":17,"column":0},"end":{"line":17,"column":24}},"17":{"start":{"line":18,"column":0},"end":{"line":18,"column":2}}},"s":{"8":1,"9":4,"10":4,"12":4,"13":9,"14":4,"15":9,"16":4,"17":4},"branchMap":{"0":{"type":"branch","line":9,"loc":{"start":{"line":9,"column":27},"end":{"line":18,"column":2}},"locations":[{"start":{"line":9,"column":27},"end":{"line":18,"column":2}}]},"1":{"type":"branch","line":13,"loc":{"start":{"line":13,"column":27},"end":{"line":16,"column":5}},"locations":[{"start":{"line":13,"column":27},"end":{"line":16,"column":5}}]},"2":{"type":"branch","line":14,"loc":{"start":{"line":14,"column":58},"end":{"line":14,"column":136}},"locations":[{"start":{"line":14,"column":58},"end":{"line":14,"column":136}}]},"3":{"type":"branch","line":14,"loc":{"start":{"line":14,"column":134},"end":{"line":15,"column":92}},"locations":[{"start":{"line":14,"column":134},"end":{"line":15,"column":92}}]}},"b":{"0":[4],"1":[9],"2":[5],"3":[4]},"fnMap":{"0":{"name":"SplitObject","decl":{"start":{"line":9,"column":27},"end":{"line":18,"column":2}},"loc":{"start":{"line":9,"column":27},"end":{"line":18,"column":2}},"line":9}},"f":{"0":4}}
,"D:\\projects\\@krinopotam\\js-helpers\\src\\helpersString\\camelCaseSplit.ts": {"path":"D:\\projects\\@krinopotam\\js-helpers\\src\\helpersString\\camelCaseSplit.ts","all":false,"statementMap":{"1":{"start":{"line":2,"column":0},"end":{"line":2,"column":67}},"2":{"start":{"line":3,"column":0},"end":{"line":3,"column":56}},"3":{"start":{"line":4,"column":0},"end":{"line":4,"column":69}},"4":{"start":{"line":5,"column":0},"end":{"line":5,"column":2}}},"s":{"1":1,"2":4,"3":4,"4":4},"branchMap":{"0":{"type":"branch","line":2,"loc":{"start":{"line":2,"column":30},"end":{"line":5,"column":2}},"locations":[{"start":{"line":2,"column":30},"end":{"line":5,"column":2}}]},"1":{"type":"branch","line":3,"loc":{"start":{"line":3,"column":41},"end":{"line":3,"column":56}},"locations":[{"start":{"line":3,"column":41},"end":{"line":3,"column":56}}]}},"b":{"0":[4],"1":[3]},"fnMap":{"0":{"name":"CamelCaseSplit","decl":{"start":{"line":2,"column":30},"end":{"line":5,"column":2}},"loc":{"start":{"line":2,"column":30},"end":{"line":5,"column":2}},"line":2}},"f":{"0":4}}
,"D:\\projects\\@krinopotam\\js-helpers\\src\\helpersString\\extractFileExtension.ts": {"path":"D:\\projects\\@krinopotam\\js-helpers\\src\\helpersString\\extractFileExtension.ts","all":false,"statementMap":{"1":{"start":{"line":2,"column":0},"end":{"line":2,"column":59}},"2":{"start":{"line":3,"column":0},"end":{"line":3,"column":51}},"4":{"start":{"line":5,"column":0},"end":{"line":5,"column":61}},"6":{"start":{"line":7,"column":0},"end":{"line":7,"column":40}},"7":{"start":{"line":8,"column":0},"end":{"line":8,"column":2}}},"s":{"1":1,"2":5,"4":5,"6":3,"7":3},"branchMap":{"0":{"type":"branch","line":2,"loc":{"start":{"line":2,"column":36},"end":{"line":8,"column":2}},"locations":[{"start":{"line":2,"column":36},"end":{"line":8,"column":2}}]},"1":{"type":"branch","line":5,"loc":{"start":{"line":5,"column":25},"end":{"line":5,"column":51}},"locations":[{"start":{"line":5,"column":25},"end":{"line":5,"column":51}}]},"2":{"type":"branch","line":5,"loc":{"start":{"line":5,"column":51},"end":{"line":5,"column":61}},"locations":[{"start":{"line":5,"column":51},"end":{"line":5,"column":61}}]},"3":{"type":"branch","line":5,"loc":{"start":{"line":5,"column":58},"end":{"line":8,"column":2}},"locations":[{"start":{"line":5,"column":58},"end":{"line":8,"column":2}}]}},"b":{"0":[5],"1":[4],"2":[2],"3":[3]},"fnMap":{"0":{"name":"ExtractFileExtension","decl":{"start":{"line":2,"column":36},"end":{"line":8,"column":2}},"loc":{"start":{"line":2,"column":36},"end":{"line":8,"column":2}},"line":2}},"f":{"0":5}}
,"D:\\projects\\@krinopotam\\js-helpers\\src\\helpersString\\getNanoId.ts": {"path":"D:\\projects\\@krinopotam\\js-helpers\\src\\helpersString\\getNanoId.ts","all":false,"statementMap":{"0":{"start":{"line":1,"column":0},"end":{"line":1,"column":29}},"5":{"start":{"line":6,"column":0},"end":{"line":6,"column":45}},"6":{"start":{"line":7,"column":0},"end":{"line":7,"column":24}},"7":{"start":{"line":8,"column":0},"end":{"line":8,"column":2}}},"s":{"0":1,"5":1,"6":4,"7":4},"branchMap":{"0":{"type":"branch","line":6,"loc":{"start":{"line":6,"column":25},"end":{"line":8,"column":2}},"locations":[{"start":{"line":6,"column":25},"end":{"line":8,"column":2}}]}},"b":{"0":[4]},"fnMap":{"0":{"name":"GetNanoId","decl":{"start":{"line":6,"column":25},"end":{"line":8,"column":2}},"loc":{"start":{"line":6,"column":25},"end":{"line":8,"column":2}},"line":6}},"f":{"0":4}}
,"D:\\projects\\@krinopotam\\js-helpers\\src\\helpersString\\getRandomColor.ts": {"path":"D:\\projects\\@krinopotam\\js-helpers\\src\\helpersString\\getRandomColor.ts","all":false,"statementMap":{"1":{"start":{"line":2,"column":0},"end":{"line":2,"column":37}},"2":{"start":{"line":3,"column":0},"end":{"line":3,"column":39}},"3":{"start":{"line":4,"column":0},"end":{"line":4,"column":20}},"4":{"start":{"line":5,"column":0},"end":{"line":5,"column":33}},"5":{"start":{"line":6,"column":0},"end":{"line":6,"column":57}},"6":{"start":{"line":7,"column":0},"end":{"line":7,"column":5}},"7":{"start":{"line":8,"column":0},"end":{"line":8,"column":17}},"8":{"start":{"line":9,"column":0},"end":{"line":9,"column":2}}},"s":{"1":1,"2":4,"3":4,"4":4,"5":24,"6":24,"7":4,"8":4},"branchMap":{"0":{"type":"branch","line":2,"loc":{"start":{"line":2,"column":30},"end":{"line":9,"column":2}},"locations":[{"start":{"line":2,"column":30},"end":{"line":9,"column":2}}]},"1":{"type":"branch","line":5,"loc":{"start":{"line":5,"column":32},"end":{"line":7,"column":5}},"locations":[{"start":{"line":5,"column":32},"end":{"line":7,"column":5}}]}},"b":{"0":[4],"1":[24]},"fnMap":{"0":{"name":"GetRandomColor","decl":{"start":{"line":2,"column":30},"end":{"line":9,"column":2}},"loc":{"start":{"line":2,"column":30},"end":{"line":9,"column":2}},"line":2}},"f":{"0":4}}
,"D:\\projects\\@krinopotam\\js-helpers\\src\\helpersString\\getUuid.ts": {"path":"D:\\projects\\@krinopotam\\js-helpers\\src\\helpersString\\getUuid.ts","all":false,"statementMap":{"0":{"start":{"line":1,"column":0},"end":{"line":1,"column":32}},"3":{"start":{"line":4,"column":0},"end":{"line":4,"column":30}},"4":{"start":{"line":5,"column":0},"end":{"line":5,"column":18}},"5":{"start":{"line":6,"column":0},"end":{"line":6,"column":2}}},"s":{"0":1,"3":1,"4":3,"5":3},"branchMap":{"0":{"type":"branch","line":4,"loc":{"start":{"line":4,"column":23},"end":{"line":6,"column":2}},"locations":[{"start":{"line":4,"column":23},"end":{"line":6,"column":2}}]}},"b":{"0":[3]},"fnMap":{"0":{"name":"GetUuid","decl":{"start":{"line":4,"column":23},"end":{"line":6,"column":2}},"loc":{"start":{"line":4,"column":23},"end":{"line":6,"column":2}},"line":4}},"f":{"0":3}}
,"D:\\projects\\@krinopotam\\js-helpers\\src\\helpersString\\lowerFirstLetter.ts": {"path":"D:\\projects\\@krinopotam\\js-helpers\\src\\helpersString\\lowerFirstLetter.ts","all":false,"statementMap":{"1":{"start":{"line":2,"column":0},"end":{"line":2,"column":50}},"2":{"start":{"line":3,"column":0},"end":{"line":3,"column":54}},"3":{"start":{"line":4,"column":0},"end":{"line":4,"column":2}}},"s":{"1":1,"2":7,"3":7},"branchMap":{"0":{"type":"branch","line":2,"loc":{"start":{"line":2,"column":32},"end":{"line":4,"column":2}},"locations":[{"start":{"line":2,"column":32},"end":{"line":4,"column":2}}]}},"b":{"0":[7]},"fnMap":{"0":{"name":"LowerFirstLetter","decl":{"start":{"line":2,"column":32},"end":{"line":4,"column":2}},"loc":{"start":{"line":2,"column":32},"end":{"line":4,"column":2}},"line":2}},"f":{"0":7}}
,"D:\\projects\\@krinopotam\\js-helpers\\src\\helpersString\\trimFileExtension.ts": {"path":"D:\\projects\\@krinopotam\\js-helpers\\src\\helpersString\\trimFileExtension.ts","all":false,"statementMap":{"1":{"start":{"line":2,"column":0},"end":{"line":2,"column":56}},"3":{"start":{"line":4,"column":0},"end":{"line":4,"column":85}},"5":{"start":{"line":6,"column":0},"end":{"line":6,"column":45}},"6":{"start":{"line":7,"column":0},"end":{"line":7,"column":2}}},"s":{"1":1,"3":8,"5":7,"6":7},"branchMap":{"0":{"type":"branch","line":2,"loc":{"start":{"line":2,"column":33},"end":{"line":7,"column":2}},"locations":[{"start":{"line":2,"column":33},"end":{"line":7,"column":2}}]},"1":{"type":"branch","line":4,"loc":{"start":{"line":4,"column":31},"end":{"line":4,"column":69}},"locations":[{"start":{"line":4,"column":31},"end":{"line":4,"column":69}}]},"2":{"type":"branch","line":4,"loc":{"start":{"line":4,"column":69},"end":{"line":4,"column":85}},"locations":[{"start":{"line":4,"column":69},"end":{"line":4,"column":85}}]},"3":{"type":"branch","line":4,"loc":{"start":{"line":4,"column":76},"end":{"line":7,"column":2}},"locations":[{"start":{"line":4,"column":76},"end":{"line":7,"column":2}}]}},"b":{"0":[8],"1":[1],"2":[1],"3":[7]},"fnMap":{"0":{"name":"TrimFileExtension","decl":{"start":{"line":2,"column":33},"end":{"line":7,"column":2}},"loc":{"start":{"line":2,"column":33},"end":{"line":7,"column":2}},"line":2}},"f":{"0":8}}
,"D:\\projects\\@krinopotam\\js-helpers\\src\\helpersString\\upperFirstLetter.ts": {"path":"D:\\projects\\@krinopotam\\js-helpers\\src\\helpersString\\upperFirstLetter.ts","all":false,"statementMap":{"1":{"start":{"line":2,"column":0},"end":{"line":2,"column":50}},"2":{"start":{"line":3,"column":0},"end":{"line":3,"column":54}},"3":{"start":{"line":4,"column":0},"end":{"line":4,"column":2}}},"s":{"1":1,"2":8,"3":8},"branchMap":{"0":{"type":"branch","line":2,"loc":{"start":{"line":2,"column":32},"end":{"line":4,"column":2}},"locations":[{"start":{"line":2,"column":32},"end":{"line":4,"column":2}}]}},"b":{"0":[8]},"fnMap":{"0":{"name":"UpperFirstLetter","decl":{"start":{"line":2,"column":32},"end":{"line":4,"column":2}},"loc":{"start":{"line":2,"column":32},"end":{"line":4,"column":2}},"line":2}},"f":{"0":8}}
}
